
Circuit 1 cell sky130_fd_pr__nfet_01v8 and Circuit 2 cell sky130_fd_pr__nfet_01v8 are black boxes.
Equate elements:  no current cell.
Device classes sky130_fd_pr__nfet_01v8 and sky130_fd_pr__nfet_01v8 are equivalent.

Circuit 1 cell sky130_fd_pr__pfet_01v8 and Circuit 2 cell sky130_fd_pr__pfet_01v8 are black boxes.
Equate elements:  no current cell.
Device classes sky130_fd_pr__pfet_01v8 and sky130_fd_pr__pfet_01v8 are equivalent.
Flattening unmatched subcell nand2gate_xschem in circuit nand2gate_xschem.cir (0)(1 instance)
Flattening unmatched subcell nand2_layout in circuit nand2gate_magic.cir (1)(1 instance)

Subcircuit summary:
Circuit 1: nand2gate_xschem.cir            |Circuit 2: nand2gate_magic.cir             
-------------------------------------------|-------------------------------------------
sky130_fd_pr__nfet_01v8 (2)                |sky130_fd_pr__nfet_01v8 (2)                
sky130_fd_pr__pfet_01v8 (2)                |sky130_fd_pr__pfet_01v8 (2)                
Number of devices: 4                       |Number of devices: 4                       
Number of nets: 6                          |Number of nets: 6                          
---------------------------------------------------------------------------------------
Netlists match uniquely with property errors.
nand2gate_xschem:nand/sky130_fd_pr__pfet_01v8:M3 vs. nand2_layout:nand/sky130_fd_pr__pfet_01v8:2:
 W circuit1: 2   circuit2: 1.1   (delta=58.1%, cutoff=1%)
nand2gate_xschem:nand/sky130_fd_pr__pfet_01v8:M4 vs. nand2_layout:nand/sky130_fd_pr__pfet_01v8:3:
 W circuit1: 2   circuit2: 1.1   (delta=58.1%, cutoff=1%)
nand2gate_xschem:nand/sky130_fd_pr__nfet_01v8:M2 vs. nand2_layout:nand/sky130_fd_pr__nfet_01v8:0:
 W circuit1: 1   circuit2: 1.1   (delta=9.52%, cutoff=1%)
nand2gate_xschem:nand/sky130_fd_pr__nfet_01v8:M1 vs. nand2_layout:nand/sky130_fd_pr__nfet_01v8:1:
 W circuit1: 1   circuit2: 1.1   (delta=9.52%, cutoff=1%)
Cells have no pins;  pin matching not needed.
Device classes nand2gate_xschem.cir and nand2gate_magic.cir are equivalent.

Final result: Circuits match uniquely.
Property errors were found.

The following cells had property errors:
 nand2gate_xschem.cir
